<?xml version="1.0" encoding="UTF-8"?>
<coverage generated="1522601393830" clover="3.2.0">
  <project timestamp="1522601393830" name="All files">
    <metrics statements="36" coveredstatements="34" conditionals="10" coveredconditionals="10" methods="15" coveredmethods="14" elements="61" coveredelements="58" complexity="0" loc="36" ncloc="36" packages="4" files="5" classes="5">
      <package name="next-typescript-jest">
        <metrics statements="3" coveredstatements="3" conditionals="0" coveredconditionals="0" methods="0" coveredmethods="0"/>
        <file name="jest.setup.js" path="/Users/harundjulic/projects/next-typescript-jest/jest.setup.js">
          <metrics statements="3" coveredstatements="3" conditionals="0" coveredconditionals="0" methods="0" coveredmethods="0"/>
          <line num="1" count="4" type="stmt"/>
          <line num="2" count="4" type="stmt"/>
          <line num="4" count="4" type="stmt"/>
        </file>
      </package>
      <package name="next-typescript-jest.src.components.NiceCheckbox">
        <metrics statements="2" coveredstatements="2" conditionals="0" coveredconditionals="0" methods="1" coveredmethods="1"/>
        <file name="index.tsx" path="/Users/harundjulic/projects/next-typescript-jest/src/components/NiceCheckbox/index.tsx">
          <metrics statements="2" coveredstatements="2" conditionals="0" coveredconditionals="0" methods="1" coveredmethods="1"/>
          <line num="11" count="1" type="stmt"/>
          <line num="12" count="1" type="stmt"/>
        </file>
      </package>
      <package name="next-typescript-jest.src.modules.auth">
        <metrics statements="14" coveredstatements="12" conditionals="2" coveredconditionals="2" methods="5" coveredmethods="4"/>
        <file name="Login.tsx" path="/Users/harundjulic/projects/next-typescript-jest/src/modules/auth/Login.tsx">
          <metrics statements="14" coveredstatements="12" conditionals="2" coveredconditionals="2" methods="5" coveredmethods="4"/>
          <line num="16" count="4" type="stmt"/>
          <line num="18" count="4" type="stmt"/>
          <line num="27" count="4" type="stmt"/>
          <line num="28" count="1" type="stmt"/>
          <line num="29" count="1" type="stmt"/>
          <line num="31" count="1" type="stmt"/>
          <line num="34" count="4" type="stmt"/>
          <line num="35" count="1" type="stmt"/>
          <line num="36" count="1" type="stmt"/>
          <line num="38" count="1" type="stmt"/>
          <line num="39" count="0" type="stmt"/>
          <line num="40" count="0" type="stmt"/>
          <line num="45" count="6" type="stmt"/>
          <line num="47" count="6" type="stmt"/>
        </file>
      </package>
      <package name="next-typescript-jest.src.modules.cars">
        <metrics statements="17" coveredstatements="17" conditionals="8" coveredconditionals="8" methods="9" coveredmethods="9"/>
        <file name="Detail.tsx" path="/Users/harundjulic/projects/next-typescript-jest/src/modules/cars/Detail.tsx">
          <metrics statements="3" coveredstatements="3" conditionals="2" coveredconditionals="2" methods="2" coveredmethods="2"/>
          <line num="9" count="1" type="stmt"/>
          <line num="10" count="3" type="stmt"/>
          <line num="20" count="9" type="stmt"/>
        </file>
        <file name="Overview.tsx" path="/Users/harundjulic/projects/next-typescript-jest/src/modules/cars/Overview.tsx">
          <metrics statements="14" coveredstatements="14" conditionals="6" coveredconditionals="6" methods="7" coveredmethods="7"/>
          <line num="16" count="5" type="stmt"/>
          <line num="18" count="5" type="stmt"/>
          <line num="23" count="5" type="stmt"/>
          <line num="24" count="1" type="stmt"/>
          <line num="27" count="5" type="stmt"/>
          <line num="28" count="6" type="cond" truecount="4" falsecount="0"/>
          <line num="29" count="2" type="stmt"/>
          <line num="34" count="4" type="stmt"/>
          <line num="35" count="12" type="stmt"/>
          <line num="39" count="5" type="stmt"/>
          <line num="40" count="6" type="cond" truecount="2" falsecount="0"/>
          <line num="41" count="5" type="stmt"/>
          <line num="44" count="1" type="stmt"/>
          <line num="53" count="6" type="stmt"/>
        </file>
      </package>
    </metrics>
  </project>
</coverage>
