{"/Users/harundjulic/projects/next-typescript-jest/jest.setup.js": {"path":"/Users/harundjulic/projects/next-typescript-jest/jest.setup.js","statementMap":{"0":{"start":{"line":1,"column":15},"end":{"line":1,"column":32}},"1":{"start":{"line":2,"column":16},"end":{"line":2,"column":50}},"2":{"start":{"line":4,"column":0},"end":{"line":4,"column":43}}},"fnMap":{},"branchMap":{},"s":{"0":4,"1":4,"2":4},"f":{},"b":{},"_coverageSchema":"332fd63041d2c1bcb487cc26dd0d5f7d97098a6c","hash":"825a98479b3a9437c425262ddf489bea00acc06d"}
,"/Users/harundjulic/projects/next-typescript-jest/src/components/NiceCheckbox/index.tsx": {"path":"/Users/harundjulic/projects/next-typescript-jest/src/components/NiceCheckbox/index.tsx","statementMap":{"0":{"start":{"line":11,"column":55},"end":{"line":18,"column":1}},"1":{"start":{"line":12,"column":4},"end":{"line":17,"column":6}}},"fnMap":{"0":{"name":"(anonymous_0)","decl":{"start":{"line":11,"column":55},"end":{"line":11,"column":56}},"loc":{"start":{"line":11,"column":99},"end":{"line":18,"column":1}}}},"branchMap":{},"s":{"0":1,"1":1},"f":{"0":1},"b":{}}
,"/Users/harundjulic/projects/next-typescript-jest/src/modules/auth/Login.tsx": {"path":"/Users/harundjulic/projects/next-typescript-jest/src/modules/auth/Login.tsx","statementMap":{"0":{"start":{"line":16,"column":8},"end":{"line":16,"column":21}},"1":{"start":{"line":27,"column":4},"end":{"line":32,"column":5}},"2":{"start":{"line":28,"column":28},"end":{"line":28,"column":38}},"3":{"start":{"line":29,"column":8},"end":{"line":29,"column":52}},"4":{"start":{"line":31,"column":8},"end":{"line":31,"column":37}},"5":{"start":{"line":34,"column":4},"end":{"line":42,"column":5}},"6":{"start":{"line":35,"column":8},"end":{"line":35,"column":27}},"7":{"start":{"line":36,"column":8},"end":{"line":36,"column":46}},"8":{"start":{"line":38,"column":8},"end":{"line":41,"column":16}},"9":{"start":{"line":39,"column":12},"end":{"line":39,"column":51}},"10":{"start":{"line":40,"column":12},"end":{"line":40,"column":36}},"11":{"start":{"line":18,"column":8},"end":{"line":24,"column":9}},"12":{"start":{"line":45,"column":30},"end":{"line":45,"column":40}},"13":{"start":{"line":47,"column":8},"end":{"line":68,"column":10}}},"fnMap":{"0":{"name":"(anonymous_0)","decl":{"start":{"line":15,"column":4},"end":{"line":15,"column":15}},"loc":{"start":{"line":15,"column":34},"end":{"line":25,"column":5}}},"1":{"name":"(anonymous_1)","decl":{"start":{"line":27,"column":30},"end":{"line":27,"column":31}},"loc":{"start":{"line":27,"column":71},"end":{"line":32,"column":5}}},"2":{"name":"(anonymous_2)","decl":{"start":{"line":34,"column":24},"end":{"line":34,"column":25}},"loc":{"start":{"line":34,"column":65},"end":{"line":42,"column":5}}},"3":{"name":"(anonymous_3)","decl":{"start":{"line":38,"column":19},"end":{"line":38,"column":21}},"loc":{"start":{"line":38,"column":24},"end":{"line":41,"column":9}}},"4":{"name":"(anonymous_4)","decl":{"start":{"line":44,"column":4},"end":{"line":44,"column":9}},"loc":{"start":{"line":44,"column":10},"end":{"line":69,"column":5}}}},"branchMap":{"0":{"loc":{"start":{"line":64,"column":30},"end":{"line":64,"column":45}},"type":"cond-expr","locations":[{"start":{"line":64,"column":30},"end":{"line":64,"column":45}},{"start":{"line":65,"column":30},"end":{"line":65,"column":38}}]}},"s":{"0":4,"1":4,"2":1,"3":1,"4":1,"5":4,"6":1,"7":1,"8":1,"9":0,"10":0,"11":4,"12":6,"13":6},"f":{"0":4,"1":1,"2":1,"3":0,"4":6},"b":{"0":[1,5]}}
,"/Users/harundjulic/projects/next-typescript-jest/src/modules/cars/Detail.tsx": {"path":"/Users/harundjulic/projects/next-typescript-jest/src/modules/cars/Detail.tsx","statementMap":{"0":{"start":{"line":9,"column":43},"end":{"line":23,"column":1}},"1":{"start":{"line":10,"column":4},"end":{"line":22,"column":6}},"2":{"start":{"line":20,"column":57},"end":{"line":20,"column":81}}},"fnMap":{"0":{"name":"(anonymous_0)","decl":{"start":{"line":9,"column":43},"end":{"line":9,"column":44}},"loc":{"start":{"line":9,"column":67},"end":{"line":23,"column":1}}},"1":{"name":"(anonymous_1)","decl":{"start":{"line":20,"column":25},"end":{"line":20,"column":26}},"loc":{"start":{"line":20,"column":57},"end":{"line":20,"column":81}}}},"branchMap":{"0":{"loc":{"start":{"line":18,"column":17},"end":{"line":18,"column":30}},"type":"binary-expr","locations":[{"start":{"line":18,"column":17},"end":{"line":18,"column":30}},{"start":{"line":18,"column":34},"end":{"line":20,"column":82}}]}},"s":{"0":1,"1":3,"2":9},"f":{"0":3,"1":9},"b":{"0":[3,3]}}
,"/Users/harundjulic/projects/next-typescript-jest/src/modules/cars/Overview.tsx": {"path":"/Users/harundjulic/projects/next-typescript-jest/src/modules/cars/Overview.tsx","statementMap":{"0":{"start":{"line":16,"column":8},"end":{"line":16,"column":21}},"1":{"start":{"line":23,"column":4},"end":{"line":25,"column":5}},"2":{"start":{"line":24,"column":8},"end":{"line":24,"column":42}},"3":{"start":{"line":27,"column":4},"end":{"line":37,"column":5}},"4":{"start":{"line":28,"column":8},"end":{"line":32,"column":9}},"5":{"start":{"line":29,"column":12},"end":{"line":31,"column":14}},"6":{"start":{"line":34,"column":8},"end":{"line":36,"column":10}},"7":{"start":{"line":35,"column":73},"end":{"line":35,"column":158}},"8":{"start":{"line":35,"column":104},"end":{"line":35,"column":129}},"9":{"start":{"line":39,"column":4},"end":{"line":50,"column":5}},"10":{"start":{"line":40,"column":8},"end":{"line":42,"column":9}},"11":{"start":{"line":41,"column":12},"end":{"line":41,"column":24}},"12":{"start":{"line":44,"column":8},"end":{"line":49,"column":10}},"13":{"start":{"line":18,"column":8},"end":{"line":20,"column":9}},"14":{"start":{"line":53,"column":8},"end":{"line":63,"column":10}}},"fnMap":{"0":{"name":"(anonymous_0)","decl":{"start":{"line":15,"column":4},"end":{"line":15,"column":15}},"loc":{"start":{"line":15,"column":41},"end":{"line":21,"column":5}}},"1":{"name":"(anonymous_1)","decl":{"start":{"line":23,"column":22},"end":{"line":23,"column":23}},"loc":{"start":{"line":23,"column":45},"end":{"line":25,"column":5}}},"2":{"name":"(anonymous_2)","decl":{"start":{"line":27,"column":21},"end":{"line":27,"column":22}},"loc":{"start":{"line":27,"column":56},"end":{"line":37,"column":5}}},"3":{"name":"(anonymous_3)","decl":{"start":{"line":35,"column":26},"end":{"line":35,"column":27}},"loc":{"start":{"line":35,"column":73},"end":{"line":35,"column":158}}},"4":{"name":"(anonymous_4)","decl":{"start":{"line":35,"column":98},"end":{"line":35,"column":100}},"loc":{"start":{"line":35,"column":104},"end":{"line":35,"column":129}}},"5":{"name":"(anonymous_5)","decl":{"start":{"line":39,"column":20},"end":{"line":39,"column":21}},"loc":{"start":{"line":39,"column":50},"end":{"line":50,"column":5}}},"6":{"name":"(anonymous_6)","decl":{"start":{"line":52,"column":4},"end":{"line":52,"column":9}},"loc":{"start":{"line":52,"column":10},"end":{"line":64,"column":5}}}},"branchMap":{"0":{"loc":{"start":{"line":28,"column":8},"end":{"line":32,"column":9}},"type":"if","locations":[{"start":{"line":28,"column":8},"end":{"line":32,"column":9}},{"start":{"line":28,"column":8},"end":{"line":32,"column":9}}]},"1":{"loc":{"start":{"line":28,"column":12},"end":{"line":28,"column":17}},"type":"binary-expr","locations":[{"start":{"line":28,"column":12},"end":{"line":28,"column":17}},{"start":{"line":28,"column":21},"end":{"line":28,"column":38}}]},"2":{"loc":{"start":{"line":40,"column":8},"end":{"line":42,"column":9}},"type":"if","locations":[{"start":{"line":40,"column":8},"end":{"line":42,"column":9}},{"start":{"line":40,"column":8},"end":{"line":42,"column":9}}]}},"s":{"0":5,"1":5,"2":1,"3":5,"4":6,"5":2,"6":4,"7":12,"8":1,"9":5,"10":6,"11":5,"12":1,"13":5,"14":6},"f":{"0":5,"1":1,"2":6,"3":12,"4":1,"5":6,"6":6},"b":{"0":[2,4],"1":[6,6],"2":[5,1]}}
}
